[debug] [2021-11-13T11:31:55.078Z] ----------------------------------------------------------------------
[debug] [2021-11-13T11:31:55.084Z] Command:       C:\Program Files\nodejs\node.exe C:\Users\Hafsa\AppData\Roaming\npm\node_modules\firebase-tools\lib\bin\firebase.js deploy
[debug] [2021-11-13T11:31:55.085Z] CLI Version:   9.22.0
[debug] [2021-11-13T11:31:55.085Z] Platform:      win32
[debug] [2021-11-13T11:31:55.085Z] Node Version:  v14.17.1
[debug] [2021-11-13T11:31:55.096Z] Time:          Sat Nov 13 2021 17:31:55 GMT+0600 (Bangladesh Standard Time)
[debug] [2021-11-13T11:31:55.097Z] ----------------------------------------------------------------------
[debug] 
[debug] [2021-11-13T11:31:55.313Z] > command requires scopes: ["email","openid","https://www.googleapis.com/auth/cloudplatformprojects.readonly","https://www.googleapis.com/auth/firebase","https://www.googleapis.com/auth/cloud-platform"]
[debug] [2021-11-13T11:31:55.314Z] > authorizing via signed-in user (hafsagood@gmail.com)
[debug] [2021-11-13T11:31:55.314Z] [iam] checking project baby-lotion for permissions ["firebase.projects.get","firebasehosting.sites.update"]
[debug] [2021-11-13T11:31:55.319Z] >>> HTTP REQUEST POST https://cloudresourcemanager.googleapis.com/v1/projects/baby-lotion:testIamPermissions  
 {"permissions":["firebase.projects.get","firebasehosting.sites.update"]}
[debug] [2021-11-13T11:31:56.733Z] <<< HTTP RESPONSE 200 {"content-type":"application/json; charset=UTF-8","vary":"X-Origin, Referer, Origin,Accept-Encoding","date":"Sat, 13 Nov 2021 11:31:57 GMT","server":"ESF","cache-control":"private","x-xss-protection":"0","x-frame-options":"SAMEORIGIN","x-content-type-options":"nosniff","server-timing":"gfet4t7; dur=944","alt-svc":"clear","accept-ranges":"none","transfer-encoding":"chunked"}
[debug] [2021-11-13T11:31:56.738Z] > refreshing access token with scopes: []
[debug] [2021-11-13T11:31:56.738Z] >>> HTTP REQUEST POST https://www.googleapis.com/oauth2/v3/token  
 <request body omitted>
[debug] [2021-11-13T11:31:56.952Z] <<< HTTP RESPONSE 200 {"date":"Sat, 13 Nov 2021 11:31:57 GMT","expires":"Mon, 01 Jan 1990 00:00:00 GMT","pragma":"no-cache","cache-control":"no-cache, no-store, max-age=0, must-revalidate","content-type":"application/json; charset=utf-8","vary":"X-Origin, Referer, Origin,Accept-Encoding","server":"scaffolding on HTTPServer2","x-xss-protection":"0","x-frame-options":"SAMEORIGIN","x-content-type-options":"nosniff","alt-svc":"clear","accept-ranges":"none","transfer-encoding":"chunked"}
[debug] [2021-11-13T11:31:56.986Z] >>> [apiv2][query] GET https://firebase.googleapis.com/v1beta1/projects/baby-lotion [none]
[debug] [2021-11-13T11:31:57.460Z] <<< [apiv2][status] GET https://firebase.googleapis.com/v1beta1/projects/baby-lotion 200
[debug] [2021-11-13T11:31:57.460Z] <<< [apiv2][body] GET https://firebase.googleapis.com/v1beta1/projects/baby-lotion {"projectId":"baby-lotion","projectNumber":"978176589901","displayName":"baby-lotion","name":"projects/baby-lotion","resources":{"hostingSite":"baby-lotion"},"state":"ACTIVE"}
[info] 
[info] === Deploying to 'baby-lotion'...
[info] 
[info] i  deploying hosting 
[debug] [2021-11-13T11:31:57.490Z] > refreshing access token with scopes: ["email","https://www.googleapis.com/auth/cloud-platform","https://www.googleapis.com/auth/cloudplatformprojects.readonly","https://www.googleapis.com/auth/firebase","openid"]
[debug] [2021-11-13T11:31:57.490Z] >>> HTTP REQUEST POST https://www.googleapis.com/oauth2/v3/token  
 <request body omitted>
[debug] [2021-11-13T11:31:57.701Z] <<< HTTP RESPONSE 200 {"pragma":"no-cache","expires":"Mon, 01 Jan 1990 00:00:00 GMT","date":"Sat, 13 Nov 2021 11:31:58 GMT","cache-control":"no-cache, no-store, max-age=0, must-revalidate","content-type":"application/json; charset=utf-8","vary":"X-Origin, Referer, Origin,Accept-Encoding","server":"scaffolding on HTTPServer2","x-xss-protection":"0","x-frame-options":"SAMEORIGIN","x-content-type-options":"nosniff","alt-svc":"clear","accept-ranges":"none","transfer-encoding":"chunked"}
[debug] [2021-11-13T11:31:57.760Z] >>> HTTP REQUEST POST https://firebasehosting.googleapis.com/v1beta1/sites/baby-lotion/versions  
 {"config":{"rewrites":[{"glob":"**","path":"/index.html"}]},"labels":{"deployment-tool":"cli-firebase"}}
[debug] [2021-11-13T11:31:59.462Z] <<< HTTP RESPONSE 200 {"content-type":"application/json; charset=UTF-8","vary":"X-Origin, Referer, Origin,Accept-Encoding","date":"Sat, 13 Nov 2021 11:32:00 GMT","server":"ESF","cache-control":"private","x-xss-protection":"0","x-frame-options":"SAMEORIGIN","x-content-type-options":"nosniff","alt-svc":"clear","accept-ranges":"none","transfer-encoding":"chunked"}
[info] i  hosting[baby-lotion]: beginning deploy... 
[info] i  hosting[baby-lotion]: found 21 files in build 
[debug] [2021-11-13T11:32:00.186Z] > refreshing access token with scopes: []
[debug] [2021-11-13T11:32:00.186Z] >>> HTTP REQUEST POST https://www.googleapis.com/oauth2/v3/token  
 <request body omitted>
[debug] [2021-11-13T11:32:00.189Z] [hosting] hash cache [YnVpbGQ] stored for 21 files
[debug] [2021-11-13T11:32:00.190Z] [hosting][hash queue][FINAL] {"max":643,"min":17,"avg":85.47619047619048,"active":0,"complete":21,"success":21,"errored":0,"retried":0,"total":21,"elapsed":666}
[debug] [2021-11-13T11:32:00.381Z] <<< HTTP RESPONSE 200 {"expires":"Mon, 01 Jan 1990 00:00:00 GMT","date":"Sat, 13 Nov 2021 11:32:01 GMT","pragma":"no-cache","cache-control":"no-cache, no-store, max-age=0, must-revalidate","content-type":"application/json; charset=utf-8","vary":"X-Origin, Referer, Origin,Accept-Encoding","server":"scaffolding on HTTPServer2","x-xss-protection":"0","x-frame-options":"SAMEORIGIN","x-content-type-options":"nosniff","alt-svc":"clear","accept-ranges":"none","transfer-encoding":"chunked"}
[debug] [2021-11-13T11:32:00.407Z] >>> [apiv2][query] POST https://firebasehosting.googleapis.com/v1beta1/sites/baby-lotion/versions/af1a9812d40f18f1:populateFiles [none]
[debug] [2021-11-13T11:32:00.407Z] >>> [apiv2][body] POST https://firebasehosting.googleapis.com/v1beta1/sites/baby-lotion/versions/af1a9812d40f18f1:populateFiles {"files":{"/favicon.ico":"eae62e993eb980ec8a25058c39d5a51feab118bd2100c4deebb2a9c158ec11f9","/logo192.png":"3ee59515172ee198f3be375979df15ac5345183e656720a381b8872b2a39dc8b","/logo512.png":"ee7e2f3fdb8209c4b6fd7bef6ba50d1b9dba30a25bb5c3126df057e1cb6f5331","/manifest.json":"aff3449bdc238776f5d6d967f19ec491b36aed5fb7f23ccff6500736fd58494a","/reviews.json":"0aa1bef8affca55cda42446b1ac17ef2192920fffa00b1ff53ddb72ee9783535","/robots.txt":"bfe106a3fb878dc83461c86818bf74fc1bdc7f28538ba613cd3e775516ce8b49","/asset-manifest.json":"3d76f1aee62acc681b32fb72942971fe76d32610b05ce4053fd4a946c446d7b3","/index.html":"30aa53441b31c088182cfb44dfe83c6fa77ea816ec605a5920eaf12208d83ca5","/static/css/main.8c8b27cf.chunk.css":"850bc16f7678f79f886c9febec0b79034002882ca68aeb13470b574d81dac66a","/static/css/main.8c8b27cf.chunk.css.map":"4328ed535cb7dddf41685d7de12d64bd6864c881392ce1c400e9cbeb8a7e6b82","/static/js/2.b69b8464.chunk.js.LICENSE.txt":"5b0f7bc56eb3fcbb6aba6b6b1864ad22f6c414a0ae823deb9b65d6e680084e5d","/static/js/3.a4153ac4.chunk.js":"2b2cce3f988f801ed54390ab7b25fa3b28585dfc58b30eca5a84234dc9380db1","/static/js/3.a4153ac4.chunk.js.map":"f083395c418b5bf31393bcca4b3c5044f90d364e35d920fa5674df6cebf54754","/static/js/main.fc35d45b.chunk.js":"3a08bf57828b8c3d07e47d5c030e9863657d778a4d615948cc650a6e51ad2c51","/static/js/runtime-main.1379d076.js":"bd7caf0759ccb145f0a025634fd663b4ddf81cf2fe9f7cf862ad7d8d930d1c80","/static/js/runtime-main.1379d076.js.map":"1976c49945fe78dfd347a3ffb9a12859f825b45f496178a542e3b663e3b356bd","/static/media/banner.8569bea8.png":"4f54aee033d0e4d070bbc7f1e16653a7a2c735ad78add9f46a0ecaa8c2b1ca6a","/static/js/main.fc35d45b.chunk.js.map":"9fe656ec6da7918cba405610961a30e86d2dc4af620154db235ccf6f6b726189","/static/js/2.b69b8464.chunk.js":"0e2ad58534131333a3b02f1481c0cd77e5a40eba3217c8a6da77267f8fba46be","/static/media/sales-img.56fbc264.jpg":"b9de16fc32e3c311bb19815a0e1c8c4a80e31a197d1f9ce778adb88509007ac4","/static/js/2.b69b8464.chunk.js.map":"6a7f98fe5d1610e358dc459f4215c05d19948105df4747671d18be7b10504d52"}}
[debug] [2021-11-13T11:33:01.985Z] [populateQueue] Retrying task index 0
[debug] [2021-11-13T11:33:01.987Z] >>> [apiv2][query] POST https://firebasehosting.googleapis.com/v1beta1/sites/baby-lotion/versions/af1a9812d40f18f1:populateFiles [none]
[debug] [2021-11-13T11:33:01.987Z] >>> [apiv2][body] POST https://firebasehosting.googleapis.com/v1beta1/sites/baby-lotion/versions/af1a9812d40f18f1:populateFiles {"files":{"/favicon.ico":"eae62e993eb980ec8a25058c39d5a51feab118bd2100c4deebb2a9c158ec11f9","/logo192.png":"3ee59515172ee198f3be375979df15ac5345183e656720a381b8872b2a39dc8b","/logo512.png":"ee7e2f3fdb8209c4b6fd7bef6ba50d1b9dba30a25bb5c3126df057e1cb6f5331","/manifest.json":"aff3449bdc238776f5d6d967f19ec491b36aed5fb7f23ccff6500736fd58494a","/reviews.json":"0aa1bef8affca55cda42446b1ac17ef2192920fffa00b1ff53ddb72ee9783535","/robots.txt":"bfe106a3fb878dc83461c86818bf74fc1bdc7f28538ba613cd3e775516ce8b49","/asset-manifest.json":"3d76f1aee62acc681b32fb72942971fe76d32610b05ce4053fd4a946c446d7b3","/index.html":"30aa53441b31c088182cfb44dfe83c6fa77ea816ec605a5920eaf12208d83ca5","/static/css/main.8c8b27cf.chunk.css":"850bc16f7678f79f886c9febec0b79034002882ca68aeb13470b574d81dac66a","/static/css/main.8c8b27cf.chunk.css.map":"4328ed535cb7dddf41685d7de12d64bd6864c881392ce1c400e9cbeb8a7e6b82","/static/js/2.b69b8464.chunk.js.LICENSE.txt":"5b0f7bc56eb3fcbb6aba6b6b1864ad22f6c414a0ae823deb9b65d6e680084e5d","/static/js/3.a4153ac4.chunk.js":"2b2cce3f988f801ed54390ab7b25fa3b28585dfc58b30eca5a84234dc9380db1","/static/js/3.a4153ac4.chunk.js.map":"f083395c418b5bf31393bcca4b3c5044f90d364e35d920fa5674df6cebf54754","/static/js/main.fc35d45b.chunk.js":"3a08bf57828b8c3d07e47d5c030e9863657d778a4d615948cc650a6e51ad2c51","/static/js/runtime-main.1379d076.js":"bd7caf0759ccb145f0a025634fd663b4ddf81cf2fe9f7cf862ad7d8d930d1c80","/static/js/runtime-main.1379d076.js.map":"1976c49945fe78dfd347a3ffb9a12859f825b45f496178a542e3b663e3b356bd","/static/media/banner.8569bea8.png":"4f54aee033d0e4d070bbc7f1e16653a7a2c735ad78add9f46a0ecaa8c2b1ca6a","/static/js/main.fc35d45b.chunk.js.map":"9fe656ec6da7918cba405610961a30e86d2dc4af620154db235ccf6f6b726189","/static/js/2.b69b8464.chunk.js":"0e2ad58534131333a3b02f1481c0cd77e5a40eba3217c8a6da77267f8fba46be","/static/media/sales-img.56fbc264.jpg":"b9de16fc32e3c311bb19815a0e1c8c4a80e31a197d1f9ce778adb88509007ac4","/static/js/2.b69b8464.chunk.js.map":"6a7f98fe5d1610e358dc459f4215c05d19948105df4747671d18be7b10504d52"}}
[debug] [2021-11-13T11:33:12.609Z] <<< [apiv2][status] POST https://firebasehosting.googleapis.com/v1beta1/sites/baby-lotion/versions/af1a9812d40f18f1:populateFiles 200
[debug] [2021-11-13T11:33:12.610Z] <<< [apiv2][body] POST https://firebasehosting.googleapis.com/v1beta1/sites/baby-lotion/versions/af1a9812d40f18f1:populateFiles {"uploadRequiredHashes":["30aa53441b31c088182cfb44dfe83c6fa77ea816ec605a5920eaf12208d83ca5","9fe656ec6da7918cba405610961a30e86d2dc4af620154db235ccf6f6b726189","3a08bf57828b8c3d07e47d5c030e9863657d778a4d615948cc650a6e51ad2c51","3d76f1aee62acc681b32fb72942971fe76d32610b05ce4053fd4a946c446d7b3"],"uploadUrl":"https://upload-firebasehosting.googleapis.com/upload/sites/baby-lotion/versions/af1a9812d40f18f1/files"}
[debug] [2021-11-13T11:33:12.621Z] >>> [apiv2][query] POST https://upload-firebasehosting.googleapis.com/upload/sites/baby-lotion/versions/af1a9812d40f18f1/files/30aa53441b31c088182cfb44dfe83c6fa77ea816ec605a5920eaf12208d83ca5 [none]
[debug] [2021-11-13T11:33:12.621Z] >>> [apiv2][body] POST https://upload-firebasehosting.googleapis.com/upload/sites/baby-lotion/versions/af1a9812d40f18f1/files/30aa53441b31c088182cfb44dfe83c6fa77ea816ec605a5920eaf12208d83ca5 [stream]
[debug] [2021-11-13T11:33:12.626Z] >>> [apiv2][query] POST https://upload-firebasehosting.googleapis.com/upload/sites/baby-lotion/versions/af1a9812d40f18f1/files/9fe656ec6da7918cba405610961a30e86d2dc4af620154db235ccf6f6b726189 [none]
[debug] [2021-11-13T11:33:12.626Z] >>> [apiv2][body] POST https://upload-firebasehosting.googleapis.com/upload/sites/baby-lotion/versions/af1a9812d40f18f1/files/9fe656ec6da7918cba405610961a30e86d2dc4af620154db235ccf6f6b726189 [stream]
[debug] [2021-11-13T11:33:12.630Z] >>> [apiv2][query] POST https://upload-firebasehosting.googleapis.com/upload/sites/baby-lotion/versions/af1a9812d40f18f1/files/3a08bf57828b8c3d07e47d5c030e9863657d778a4d615948cc650a6e51ad2c51 [none]
[debug] [2021-11-13T11:33:12.631Z] >>> [apiv2][body] POST https://upload-firebasehosting.googleapis.com/upload/sites/baby-lotion/versions/af1a9812d40f18f1/files/3a08bf57828b8c3d07e47d5c030e9863657d778a4d615948cc650a6e51ad2c51 [stream]
[debug] [2021-11-13T11:33:12.635Z] >>> [apiv2][query] POST https://upload-firebasehosting.googleapis.com/upload/sites/baby-lotion/versions/af1a9812d40f18f1/files/3d76f1aee62acc681b32fb72942971fe76d32610b05ce4053fd4a946c446d7b3 [none]
[debug] [2021-11-13T11:33:12.635Z] >>> [apiv2][body] POST https://upload-firebasehosting.googleapis.com/upload/sites/baby-lotion/versions/af1a9812d40f18f1/files/3d76f1aee62acc681b32fb72942971fe76d32610b05ce4053fd4a946c446d7b3 [stream]
[debug] [2021-11-13T11:33:12.639Z] [hosting][populate queue][FINAL] {"max":10634,"min":10634,"avg":10634,"active":0,"complete":1,"success":1,"errored":0,"retried":1,"total":1,"elapsed":72453}
[debug] [2021-11-13T11:33:12.640Z] [hosting] uploads queued: 4
[debug] [2021-11-13T11:33:14.449Z] <<< [apiv2][status] POST https://upload-firebasehosting.googleapis.com/upload/sites/baby-lotion/versions/af1a9812d40f18f1/files/3a08bf57828b8c3d07e47d5c030e9863657d778a4d615948cc650a6e51ad2c51 200
[debug] [2021-11-13T11:33:14.450Z] <<< [apiv2][body] POST https://upload-firebasehosting.googleapis.com/upload/sites/baby-lotion/versions/af1a9812d40f18f1/files/3a08bf57828b8c3d07e47d5c030e9863657d778a4d615948cc650a6e51ad2c51 [stream]
[debug] [2021-11-13T11:33:14.453Z] <<< [apiv2][status] POST https://upload-firebasehosting.googleapis.com/upload/sites/baby-lotion/versions/af1a9812d40f18f1/files/30aa53441b31c088182cfb44dfe83c6fa77ea816ec605a5920eaf12208d83ca5 200
[debug] [2021-11-13T11:33:14.454Z] <<< [apiv2][body] POST https://upload-firebasehosting.googleapis.com/upload/sites/baby-lotion/versions/af1a9812d40f18f1/files/30aa53441b31c088182cfb44dfe83c6fa77ea816ec605a5920eaf12208d83ca5 [stream]
[debug] [2021-11-13T11:33:14.456Z] <<< [apiv2][status] POST https://upload-firebasehosting.googleapis.com/upload/sites/baby-lotion/versions/af1a9812d40f18f1/files/3d76f1aee62acc681b32fb72942971fe76d32610b05ce4053fd4a946c446d7b3 200
[debug] [2021-11-13T11:33:14.457Z] <<< [apiv2][body] POST https://upload-firebasehosting.googleapis.com/upload/sites/baby-lotion/versions/af1a9812d40f18f1/files/3d76f1aee62acc681b32fb72942971fe76d32610b05ce4053fd4a946c446d7b3 [stream]
[debug] [2021-11-13T11:33:14.459Z] <<< [apiv2][status] POST https://upload-firebasehosting.googleapis.com/upload/sites/baby-lotion/versions/af1a9812d40f18f1/files/9fe656ec6da7918cba405610961a30e86d2dc4af620154db235ccf6f6b726189 200
[debug] [2021-11-13T11:33:14.460Z] <<< [apiv2][body] POST https://upload-firebasehosting.googleapis.com/upload/sites/baby-lotion/versions/af1a9812d40f18f1/files/9fe656ec6da7918cba405610961a30e86d2dc4af620154db235ccf6f6b726189 [stream]
[debug] [2021-11-13T11:33:14.460Z] [hosting][upload queue][FINAL] {"max":1843,"min":1833,"avg":1839,"active":0,"complete":4,"success":4,"errored":0,"retried":0,"total":4,"elapsed":1849}
[info] +  hosting[baby-lotion]: file upload complete 
[debug] [2021-11-13T11:33:14.463Z] [hosting] deploy completed after 74997ms
[debug] [2021-11-13T11:33:14.477Z] [
  {
    "config": {
      "public": "build",
      "ignore": [
        "firebase.json",
        "**/.*",
        "**/node_modules/**"
      ],
      "rewrites": [
        {
          "source": "**",
          "destination": "/index.html"
        }
      ],
      "site": "baby-lotion"
    },
    "site": "baby-lotion",
    "version": "sites/baby-lotion/versions/af1a9812d40f18f1"
  }
]
[info] i  hosting[baby-lotion]: finalizing version... 
[debug] [2021-11-13T11:33:14.481Z] > refreshing access token with scopes: ["email","https://www.googleapis.com/auth/cloud-platform","https://www.googleapis.com/auth/cloudplatformprojects.readonly","https://www.googleapis.com/auth/firebase","openid"]
[debug] [2021-11-13T11:33:14.482Z] >>> HTTP REQUEST POST https://www.googleapis.com/oauth2/v3/token  
 <request body omitted>
[debug] [2021-11-13T11:33:14.698Z] <<< HTTP RESPONSE 200 {"date":"Sat, 13 Nov 2021 11:33:15 GMT","expires":"Mon, 01 Jan 1990 00:00:00 GMT","cache-control":"no-cache, no-store, max-age=0, must-revalidate","pragma":"no-cache","content-type":"application/json; charset=utf-8","vary":"X-Origin, Referer, Origin,Accept-Encoding","server":"scaffolding on HTTPServer2","x-xss-protection":"0","x-frame-options":"SAMEORIGIN","x-content-type-options":"nosniff","alt-svc":"clear","accept-ranges":"none","transfer-encoding":"chunked"}
[debug] [2021-11-13T11:33:14.728Z] >>> HTTP REQUEST PATCH https://firebasehosting.googleapis.com/v1beta1/sites/baby-lotion/versions/af1a9812d40f18f1?updateMask=status  
 {"status":"FINALIZED"}
[debug] [2021-11-13T11:33:16.291Z] <<< HTTP RESPONSE 502 {"content-type":"text/html; charset=UTF-8","referrer-policy":"no-referrer","content-length":"1613","date":"Sat, 13 Nov 2021 11:33:17 GMT","alt-svc":"clear"}
[debug] [2021-11-13T11:33:16.292Z] <<< HTTP RESPONSE BODY <!DOCTYPE html>
<html lang=en>
  <meta charset=utf-8>
  <meta name=viewport content="initial-scale=1, minimum-scale=1, width=device-width">
  <title>Error 502 (Server Error)!!1</title>
  <style>
    *{margin:0;padding:0}html,code{font:15px/22px arial,sans-serif}html{background:#fff;color:#222;padding:15px}body{margin:7% auto 0;max-width:390px;min-height:180px;padding:30px 0 15px}* > body{background:url(//www.google.com/images/errors/robot.png) 100% 5px no-repeat;padding-right:205px}p{margin:11px 0 22px;overflow:hidden}ins{color:#777;text-decoration:none}a img{border:0}@media screen and (max-width:772px){body{background:none;margin-top:0;max-width:none;padding-right:0}}#logo{background:url(//www.google.com/images/branding/googlelogo/1x/googlelogo_color_150x54dp.png) no-repeat;margin-left:-5px}@media only screen and (min-resolution:192dpi){#logo{background:url(//www.google.com/images/branding/googlelogo/2x/googlelogo_color_150x54dp.png) no-repeat 0% 0%/100% 100%;-moz-border-image:url(//www.google.com/images/branding/googlelogo/2x/googlelogo_color_150x54dp.png) 0}}@media only screen and (-webkit-min-device-pixel-ratio:2){#logo{background:url(//www.google.com/images/branding/googlelogo/2x/googlelogo_color_150x54dp.png) no-repeat;-webkit-background-size:100% 100%}}#logo{display:inline-block;height:54px;width:150px}
  </style>
  <a href=//www.google.com/><span id=logo aria-label=Google></span></a>
  <p><b>502.</b> <ins>That’s an error.</ins>
  <p>The server encountered a temporary error and could not complete your request.<p>Please try again in 30 seconds.  <ins>That’s all we know.</ins>

[error] 
[error] Error: HTTP Error: 502, Unknown Error
[debug] [2021-11-13T11:33:16.523Z] Error Context: {
  "body": {
    "error": {
      "message": "Unknown Error"
    }
  },
  "response": {
    "statusCode": 502,
    "body": "<!DOCTYPE html>\n<html lang=en>\n  <meta charset=utf-8>\n  <meta name=viewport content=\"initial-scale=1, minimum-scale=1, width=device-width\">\n  <title>Error 502 (Server Error)!!1</title>\n  <style>\n    *{margin:0;padding:0}html,code{font:15px/22px arial,sans-serif}html{background:#fff;color:#222;padding:15px}body{margin:7% auto 0;max-width:390px;min-height:180px;padding:30px 0 15px}* > body{background:url(//www.google.com/images/errors/robot.png) 100% 5px no-repeat;padding-right:205px}p{margin:11px 0 22px;overflow:hidden}ins{color:#777;text-decoration:none}a img{border:0}@media screen and (max-width:772px){body{background:none;margin-top:0;max-width:none;padding-right:0}}#logo{background:url(//www.google.com/images/branding/googlelogo/1x/googlelogo_color_150x54dp.png) no-repeat;margin-left:-5px}@media only screen and (min-resolution:192dpi){#logo{background:url(//www.google.com/images/branding/googlelogo/2x/googlelogo_color_150x54dp.png) no-repeat 0% 0%/100% 100%;-moz-border-image:url(//www.google.com/images/branding/googlelogo/2x/googlelogo_color_150x54dp.png) 0}}@media only screen and (-webkit-min-device-pixel-ratio:2){#logo{background:url(//www.google.com/images/branding/googlelogo/2x/googlelogo_color_150x54dp.png) no-repeat;-webkit-background-size:100% 100%}}#logo{display:inline-block;height:54px;width:150px}\n  </style>\n  <a href=//www.google.com/><span id=logo aria-label=Google></span></a>\n  <p><b>502.</b> <ins>That’s an error.</ins>\n  <p>The server encountered a temporary error and could not complete your request.<p>Please try again in 30 seconds.  <ins>That’s all we know.</ins>\n",
    "headers": {
      "content-type": "text/html; charset=UTF-8",
      "referrer-policy": "no-referrer",
      "content-length": "1613",
      "date": "Sat, 13 Nov 2021 11:33:17 GMT",
      "alt-svc": "clear"
    },
    "request": {
      "uri": {
        "protocol": "https:",
        "slashes": true,
        "auth": null,
        "host": "firebasehosting.googleapis.com",
        "port": 443,
        "hostname": "firebasehosting.googleapis.com",
        "hash": null,
        "search": "?updateMask=status",
        "query": "updateMask=status",
        "pathname": "/v1beta1/sites/baby-lotion/versions/af1a9812d40f18f1",
        "path": "/v1beta1/sites/baby-lotion/versions/af1a9812d40f18f1?updateMask=status",
        "href": "https://firebasehosting.googleapis.com/v1beta1/sites/baby-lotion/versions/af1a9812d40f18f1?updateMask=status"
      },
      "method": "PATCH"
    }
  }
}
